<?xml version="1.0" encoding="UTF-8"?>
<!-- Generated by org.testng.reporters.JUnitReportReporter -->
<testsuite skipped="0" hostname="LAPTOP-SLPQU167" name="DawnOfAutomation.RestAPITest" tests="4" failures="0" timestamp="2020-07-03T21:10:52 IST" time="0.016" errors="0">
  <testcase name="RestAPITest2" time="0.000" classname="DawnOfAutomation.RestAPITest"/>
  <system-out/>
  <testcase name="RestAPITest1" time="0.016" classname="DawnOfAutomation.RestAPITest"/>
  <system-out/>
  <testcase name="RestAPITest4" time="0.000" classname="DawnOfAutomation.RestAPITest"/>
  <system-out/>
  <testcase name="RestAPITest3" time="0.000" classname="DawnOfAutomation.RestAPITest"/>
  <system-out/>
</testsuite> <!-- DawnOfAutomation.RestAPITest -->
