<?xml version="1.0" encoding="UTF-8"?>
<!-- Generated by org.testng.reporters.JUnitReportReporter -->
<testsuite hostname="LAPTOP-SLPQU167" failures="0" tests="2" name="DawnOfAutomation.AppiumTest" time="0.000" errors="0" timestamp="2020-03-12T00:09:40 IST" skipped="0">
  <testcase classname="DawnOfAutomation.AppiumTest" name="AppiumTest1" time="0.000"/>
  <system-out/>
  <testcase classname="DawnOfAutomation.AppiumTest" name="AppiumTest2" time="0.000"/>
  <system-out/>
</testsuite> <!-- DawnOfAutomation.AppiumTest -->
